<?xml version="1.0" encoding="UTF-8"?>
<!-- Generated by org.testng.reporters.JUnitXMLReporter -->
<testsuite ignored="0" hostname="DESKTOP-LM9MGJG" failures="1" tests="3" name="Test" time="29.233" errors="0" timestamp="2023-07-26T13:11:22 IST">
  <testcase classname="eCommercePrjt.AirtelTest" name="Airtel" time="15.126"/>
  <testcase classname="eCommercePrjt.Lifestyle" name="LifestyleTest" time="2.821">
    <failure type="java.lang.AssertionError" message="null">
      <![CDATA[java.lang.AssertionError: null
at eCommercePrjt.Lifestyle.LifestyleTest(Lifestyle.java:15)
at java.base/java.util.ArrayList.forEach(ArrayList.java:1511)
... Removed 27 stack frames]]>
    </failure>
  </testcase> <!-- LifestyleTest -->
  <testcase classname="eCommercePrjt.Jio" name="JioTest" time="11.059"/>
</testsuite> <!-- Test -->
