<?xml version="1.0" encoding="UTF-8"?>
<testng-results ignored="0" total="1" passed="1" failed="0" skipped="0">
  <reporter-output>
  </reporter-output>
  <suite started-at="2023-08-01T12:53:25 IST" name="Default suite" finished-at="2023-08-01T12:53:44 IST" duration-ms="18567">
    <groups>
    </groups>
    <test started-at="2023-08-01T12:53:25 IST" name="Default test" finished-at="2023-08-01T12:53:44 IST" duration-ms="18567">
      <class name="eCommercePrjt.AirtelTest">
        <test-method signature="Airtel()[pri:0, instance:eCommercePrjt.AirtelTest@49ec71f8]" started-at="2023-08-01T12:53:25 IST" name="Airtel" finished-at="2023-08-01T12:53:44 IST" duration-ms="18412" status="PASS">
          <reporter-output>
          </reporter-output>
        </test-method> <!-- Airtel -->
      </class> <!-- eCommercePrjt.AirtelTest -->
    </test> <!-- Default test -->
  </suite> <!-- Default suite -->
</testng-results>
